<?xml version="1.0" encoding="UTF-8"?>
<!-- Generated by org.testng.reporters.JUnitXMLReporter -->
<testsuite hostname="LAPTOP-KJ92LBRO" ignored="0" name="Default test" tests="3" failures="0" timestamp="13 Dec 2022 02:33:03 GMT" time="57.134" errors="0">
  <testcase name="userShouldBeAbleToAddACategory" time="0.388" classname="test.TestNGExamTest"/>
  <testcase name="userShouldNotBeAbleToDuplicateACategory" time="0.289" classname="test.TestNGExamTest"/>
  <testcase name="userShouldBeAbleToSelectAllTheMonthsInTheDropdown" time="0.323" classname="test.TestNGExamTest"/>
</testsuite> <!-- Default test -->
