<?xml version="1.0" encoding="UTF-8"?>
<testng-results skipped="0" failed="0" ignored="0" total="3" passed="3">
  <reporter-output>
  </reporter-output>
  <suite name="Default suite" duration-ms="57134" started-at="2022-12-13T02:32:06Z" finished-at="2022-12-13T02:33:03Z">
    <groups>
    </groups>
    <test name="Default test" duration-ms="57134" started-at="2022-12-13T02:32:06Z" finished-at="2022-12-13T02:33:03Z">
      <class name="test.TestNGExamTest">
        <test-method status="PASS" signature="launchBrowser()[pri:0, instance:test.TestNGExamTest@4cc0edeb]" name="launchBrowser" is-config="true" duration-ms="2322" started-at="2022-12-12T20:32:06Z" finished-at="2022-12-12T20:32:08Z">
          <reporter-output>
          </reporter-output>
        </test-method> <!-- launchBrowser -->
        <test-method status="PASS" signature="userShouldBeAbleToAddACategory()[pri:1, instance:test.TestNGExamTest@4cc0edeb]" name="userShouldBeAbleToAddACategory" duration-ms="388" started-at="2022-12-12T20:32:08Z" finished-at="2022-12-12T20:32:09Z">
          <reporter-output>
          </reporter-output>
        </test-method> <!-- userShouldBeAbleToAddACategory -->
        <test-method status="PASS" signature="tearDown()[pri:0, instance:test.TestNGExamTest@4cc0edeb]" name="tearDown" is-config="true" duration-ms="16751" started-at="2022-12-12T20:32:09Z" finished-at="2022-12-12T20:32:26Z">
          <reporter-output>
          </reporter-output>
        </test-method> <!-- tearDown -->
        <test-method status="PASS" signature="launchBrowser()[pri:0, instance:test.TestNGExamTest@4cc0edeb]" name="launchBrowser" is-config="true" duration-ms="1675" started-at="2022-12-12T20:32:26Z" finished-at="2022-12-12T20:32:27Z">
          <reporter-output>
          </reporter-output>
        </test-method> <!-- launchBrowser -->
        <test-method status="PASS" signature="userShouldNotBeAbleToDuplicateACategory()[pri:2, instance:test.TestNGExamTest@4cc0edeb]" name="userShouldNotBeAbleToDuplicateACategory" duration-ms="289" started-at="2022-12-12T20:32:27Z" finished-at="2022-12-12T20:32:27Z">
          <reporter-output>
          </reporter-output>
        </test-method> <!-- userShouldNotBeAbleToDuplicateACategory -->
        <test-method status="PASS" signature="tearDown()[pri:0, instance:test.TestNGExamTest@4cc0edeb]" name="tearDown" is-config="true" duration-ms="16788" started-at="2022-12-12T20:32:27Z" finished-at="2022-12-12T20:32:44Z">
          <reporter-output>
          </reporter-output>
        </test-method> <!-- tearDown -->
        <test-method status="PASS" signature="launchBrowser()[pri:0, instance:test.TestNGExamTest@4cc0edeb]" name="launchBrowser" is-config="true" duration-ms="1734" started-at="2022-12-12T20:32:44Z" finished-at="2022-12-12T20:32:46Z">
          <reporter-output>
          </reporter-output>
        </test-method> <!-- launchBrowser -->
        <test-method status="PASS" signature="userShouldBeAbleToSelectAllTheMonthsInTheDropdown()[pri:3, instance:test.TestNGExamTest@4cc0edeb]" name="userShouldBeAbleToSelectAllTheMonthsInTheDropdown" duration-ms="323" started-at="2022-12-12T20:32:46Z" finished-at="2022-12-12T20:32:46Z">
          <reporter-output>
          </reporter-output>
        </test-method> <!-- userShouldBeAbleToSelectAllTheMonthsInTheDropdown -->
        <test-method status="PASS" signature="tearDown()[pri:0, instance:test.TestNGExamTest@4cc0edeb]" name="tearDown" is-config="true" duration-ms="16847" started-at="2022-12-12T20:32:46Z" finished-at="2022-12-12T20:33:03Z">
          <reporter-output>
          </reporter-output>
        </test-method> <!-- tearDown -->
      </class> <!-- test.TestNGExamTest -->
    </test> <!-- Default test -->
  </suite> <!-- Default suite -->
</testng-results>
